<?xml version="1.0" encoding="UTF-8"?>
<testsuite xmlns:xsi="http://www.w3.org/2001/XMLSchema-instance" xsi:noNamespaceSchemaLocation="https://maven.apache.org/surefire/maven-surefire-plugin/xsd/surefire-test-report.xsd" name="oy.tol.tra.StackTests" time="0.049" tests="7" errors="0" skipped="0" failures="0">
  <properties>
[...]
</properties>
  <testcase name="emptyStackTest" classname="oy.tol.tra.StackTests" time="0.014"/>
  <testcase name="pushPopStackTest" classname="oy.tol.tra.StackTests" time="0.002"/>
  <testcase name="overFillStackTest" classname="oy.tol.tra.StackTests" time="0.001"/>
  <testcase name="resetStackTest" classname="oy.tol.tra.StackTests" time="0.002"/>
  <testcase name="peekTest" classname="oy.tol.tra.StackTests" time="0.002"/>
  <testcase name="reallyGrowTheStack" classname="oy.tol.tra.StackTests" time="0.007"/>
  <testcase name="testCapacityIsNotTheSize" classname="oy.tol.tra.StackTests" time="0.001"/>
</testsuite>