<?xml version="1.0" encoding="UTF-8"?>
<testsuite xmlns:xsi="http://www.w3.org/2001/XMLSchema-instance" xsi:noNamespaceSchemaLocation="https://maven.apache.org/surefire/maven-surefire-plugin/xsd/surefire-test-report.xsd" name="oy.tol.tra.LinearSearchTests" time="8.009" tests="2" errors="0" skipped="0" failures="0">
  <properties>
[...]
</properties>
  <testcase name="findFromStringArrayTests" classname="oy.tol.tra.LinearSearchTests" time="4.912"/>
  <testcase name="findFromIntArrayTests" classname="oy.tol.tra.LinearSearchTests" time="3.097"/>
</testsuite>