<?xml version="1.0" encoding="UTF-8"?>
<testsuite xmlns:xsi="http://www.w3.org/2001/XMLSchema-instance" xsi:noNamespaceSchemaLocation="https://maven.apache.org/surefire/maven-surefire-plugin/xsd/surefire-test-report.xsd" name="oy.tol.tra.SSNTests" time="0.054" tests="3" errors="1" skipped="0" failures="0">
  <properties>
    <property name="java.specification.version" value="21"/>
    <property name="sun.cpu.isalist" value="amd64"/>
    <property name="sun.jnu.encoding" value="GBK"/>
    <property name="java.class.path" value="D:\DSAhomework\NJIT-DSA-2024-origin\00-init\target\test-classes;D:\DSAhomework\NJIT-DSA-2024-origin\00-init\target\classes;D:\maven\apache-maven-3.9.6\repository\org\junit\jupiter\junit-jupiter-api\5.7.0\junit-jupiter-api-5.7.0.jar;D:\maven\apache-maven-3.9.6\repository\org\apiguardian\apiguardian-api\1.1.0\apiguardian-api-1.1.0.jar;D:\maven\apache-maven-3.9.6\repository\org\opentest4j\opentest4j\1.2.0\opentest4j-1.2.0.jar;D:\maven\apache-maven-3.9.6\repository\org\junit\platform\junit-platform-commons\1.7.0\junit-platform-commons-1.7.0.jar;D:\maven\apache-maven-3.9.6\repository\org\junit\jupiter\junit-jupiter-engine\5.7.0\junit-jupiter-engine-5.7.0.jar;D:\maven\apache-maven-3.9.6\repository\org\junit\platform\junit-platform-engine\1.7.0\junit-platform-engine-1.7.0.jar;D:\maven\apache-maven-3.9.6\repository\org\junit\jupiter\junit-jupiter\5.10.2\junit-jupiter-5.10.2.jar;D:\maven\apache-maven-3.9.6\repository\org\junit\jupiter\junit-jupiter-params\5.10.2\junit-jupiter-params-5.10.2.jar;"/>
    <property name="java.vm.vendor" value="Oracle Corporation"/>
    <property name="sun.arch.data.model" value="64"/>
    <property name="user.variant" value=""/>
    <property name="java.vendor.url" value="https://java.oracle.com/"/>
    <property name="user.timezone" value="Asia/Shanghai"/>
    <property name="os.name" value="Windows 11"/>
    <property name="java.vm.specification.version" value="21"/>
    <property name="sun.java.launcher" value="SUN_STANDARD"/>
    <property name="user.country" value="CN"/>
    <property name="sun.boot.library.path" value="D:\JDK\bin"/>
    <property name="sun.java.command" value="C:\Users\张轩瑜\AppData\Local\Temp\surefire7165305898178566165\surefirebooter13954886675777073649.jar C:\Users\张轩瑜\AppData\Local\Temp\surefire7165305898178566165 2024-03-04T12-31-05_705-jvmRun1 surefire225048583075325448tmp surefire_011544616554714836560tmp"/>
    <property name="jdk.debug" value="release"/>
    <property name="surefire.test.class.path" value="D:\DSAhomework\NJIT-DSA-2024-origin\00-init\target\test-classes;D:\DSAhomework\NJIT-DSA-2024-origin\00-init\target\classes;D:\maven\apache-maven-3.9.6\repository\org\junit\jupiter\junit-jupiter-api\5.7.0\junit-jupiter-api-5.7.0.jar;D:\maven\apache-maven-3.9.6\repository\org\apiguardian\apiguardian-api\1.1.0\apiguardian-api-1.1.0.jar;D:\maven\apache-maven-3.9.6\repository\org\opentest4j\opentest4j\1.2.0\opentest4j-1.2.0.jar;D:\maven\apache-maven-3.9.6\repository\org\junit\platform\junit-platform-commons\1.7.0\junit-platform-commons-1.7.0.jar;D:\maven\apache-maven-3.9.6\repository\org\junit\jupiter\junit-jupiter-engine\5.7.0\junit-jupiter-engine-5.7.0.jar;D:\maven\apache-maven-3.9.6\repository\org\junit\platform\junit-platform-engine\1.7.0\junit-platform-engine-1.7.0.jar;D:\maven\apache-maven-3.9.6\repository\org\junit\jupiter\junit-jupiter\5.10.2\junit-jupiter-5.10.2.jar;D:\maven\apache-maven-3.9.6\repository\org\junit\jupiter\junit-jupiter-params\5.10.2\junit-jupiter-params-5.10.2.jar;"/>
    <property name="sun.cpu.endian" value="little"/>
    <property name="user.home" value="C:\Users\张轩瑜"/>
    <property name="user.language" value="zh"/>
    <property name="java.specification.vendor" value="Oracle Corporation"/>
    <property name="java.version.date" value="2024-01-16"/>
    <property name="java.home" value="D:\JDK"/>
    <property name="file.separator" value="\"/>
    <property name="basedir" value="D:\DSAhomework\NJIT-DSA-2024-origin\00-init"/>
    <property name="java.vm.compressedOopsMode" value="Zero based"/>
    <property name="line.separator" value="&#10;"/>
    <property name="java.vm.specification.vendor" value="Oracle Corporation"/>
    <property name="java.specification.name" value="Java Platform API Specification"/>
    <property name="surefire.real.class.path" value="C:\Users\张轩瑜\AppData\Local\Temp\surefire7165305898178566165\surefirebooter13954886675777073649.jar"/>
    <property name="user.script" value=""/>
    <property name="sun.management.compiler" value="HotSpot 64-Bit Tiered Compilers"/>
    <property name="java.runtime.version" value="21.0.2+13-LTS-58"/>
    <property name="user.name" value="张轩瑜"/>
    <property name="stdout.encoding" value="GBK"/>
    <property name="path.separator" value=";"/>
    <property name="os.version" value="10.0"/>
    <property name="java.runtime.name" value="Java(TM) SE Runtime Environment"/>
    <property name="file.encoding" value="UTF-8"/>
    <property name="java.vm.name" value="Java HotSpot(TM) 64-Bit Server VM"/>
    <property name="localRepository" value="D:\maven\apache-maven-3.9.6\repository"/>
    <property name="java.vendor.url.bug" value="https://bugreport.java.com/bugreport/"/>
    <property name="java.io.tmpdir" value="C:\Users\张轩瑜\AppData\Local\Temp\"/>
    <property name="java.version" value="21.0.2"/>
    <property name="user.dir" value="D:\DSAhomework\NJIT-DSA-2024-origin\00-init"/>
    <property name="os.arch" value="amd64"/>
    <property name="java.vm.specification.name" value="Java Virtual Machine Specification"/>
    <property name="sun.os.patch.level" value=""/>
    <property name="native.encoding" value="GBK"/>
    <property name="java.library.path" value="D:\JDK\bin;C:\WINDOWS\Sun\Java\bin;C:\WINDOWS\system32;C:\WINDOWS;C:\Program Files\Common Files\Oracle\Java\javapath;D:\JDK\bin;C:\Windows\System32\HWAudioDriverLibs;C:\Windows\system32;C:\Windows;C:\Windows\System32\Wbem;C:\Windows\System32\WindowsPowerShell\v1.0\;C:\Windows\System32\OpenSSH\;C:\Users\Administrator\AppData\Local\Microsoft\WindowsApps;C:\WINDOWS\system32;C:\WINDOWS;C:\WINDOWS\System32\Wbem;C:\WINDOWS\System32\WindowsPowerShell\v1.0\;C:\WINDOWS\System32\OpenSSH\;D:\Git\bin\;D:\QQdata\1376952171\FileRecv\mysql-8.0.31-winx64\mysql-8.0.31-winx64\bin;D:\PyCharm Community Edition 2023.1;D:\anaconda\Scripts;D:\Matlab2022a\runtime\win64;D:\Matlab2022a\bin;D:\JDK\bin;D:\maven\apache-maven-3.9.6\bin\bin;D:\maven\apache-maven-3.9.6\bin;D:\PyCharm Community Edition 2023.1\Scripts\;D:\PyCharm Community Edition 2023.1\;C:\Users\张轩瑜\AppData\Local\Microsoft\WindowsApps;D:\JDK\bin;D:\PyCharm Community Edition 2023.1\bin;;D:\MinGW\bin;D:\IntelliJ IDEA 2022.3.2\IntelliJ IDEA Community Edition 2023.2\bin;;D:\QQdata\1376952171\FileRecv\mysql-8.0.31-winx64\mysql-8.0.31-winx64\bin;D:\anaconda\Scripts\;D:\anaconda\;D:\Microsoft VS Code\bin;D:\maven\apache-maven-3.9.6\bin;D:\JDK;;."/>
    <property name="java.vm.info" value="mixed mode, sharing"/>
    <property name="stderr.encoding" value="GBK"/>
    <property name="java.vendor" value="Oracle Corporation"/>
    <property name="java.vm.version" value="21.0.2+13-LTS-58"/>
    <property name="sun.io.unicode.encoding" value="UnicodeLittle"/>
    <property name="java.class.version" value="65.0"/>
  </properties>
  <testcase name="testSSNTests" classname="oy.tol.tra.SSNTests" time="0.026"/>
  <testcase name="invalidSSNTests" classname="oy.tol.tra.SSNTests" time="0.017">
    <error message="For input string: &quot;1p4&quot;" type="java.lang.NumberFormatException">java.lang.NumberFormatException: For input string: "1p4"
	at oy.tol.tra.SSNTests.invalidSSNTests(SSNTests.java:49)
</error>
  </testcase>
  <testcase name="validSSNTests" classname="oy.tol.tra.SSNTests" time="0.002"/>
</testsuite>